[2018-12-14 03:07:35,886 INFO root] Taurus CLI Tool v1.13.2
[2018-12-14 03:07:35,886 DEBUG root] Command-line options: {'verbose': None, 'no_system_configs': None, 'quiet': None, 'log': '/tmp/bzt_Zs1EhM.log', 'option': None, 'aliases': []}
[2018-12-14 03:07:35,886 DEBUG root] Python: CPython 2.7.15rc1
[2018-12-14 03:07:35,886 DEBUG root] OS: ('Linux', 'instagram', '4.15.0-1025-gcp', '#26-Ubuntu SMP Sat Nov 17 00:02:47 UTC 2018', 'x86_64', 'x86_64')
[2018-12-14 03:07:35,887 INFO root] Starting with configs: ['locust.yaml']
[2018-12-14 03:07:35,887 DEBUG root] Using personal config: /home/vasilkin/.bzt-rc
[2018-12-14 03:07:35,887 INFO Engine] Configuring...
[2018-12-14 03:07:35,904 DEBUG Engine] Base configs list: [u'/home/vasilkin/.local/lib/python2.7/site-packages/bzt/resources/10-base-config.yml']
[2018-12-14 03:07:35,904 DEBUG Engine.Configuration] Configs: [u'/home/vasilkin/.local/lib/python2.7/site-packages/bzt/resources/10-base-config.yml']
[2018-12-14 03:07:35,904 DEBUG Engine.Configuration] Reading /home/vasilkin/.local/lib/python2.7/site-packages/bzt/resources/10-base-config.yml as YAML
[2018-12-14 03:07:35,927 DEBUG Engine] User configs list: ['/home/vasilkin/.bzt-rc', 'locust.yaml']
[2018-12-14 03:07:35,927 DEBUG Engine.Configuration] Configs: ['/home/vasilkin/.bzt-rc', 'locust.yaml']
[2018-12-14 03:07:35,928 DEBUG Engine.Configuration] Reading /home/vasilkin/.bzt-rc as YAML
[2018-12-14 03:07:35,931 DEBUG Engine.Configuration] Reading locust.yaml as YAML
[2018-12-14 03:07:35,933 DEBUG Engine.Configuration] Configs: ['/home/vasilkin/.bzt-rc', 'locust.yaml']
[2018-12-14 03:07:35,933 DEBUG Engine.Configuration] Reading /home/vasilkin/.bzt-rc as YAML
[2018-12-14 03:07:35,936 DEBUG Engine.Configuration] Reading locust.yaml as YAML
[2018-12-14 03:07:35,938 INFO Engine] Artifacts dir: /home/vasilkin/Cloudsgiving/instapic/2018-12-14_03-07-35.938766
[2018-12-14 03:07:35,939 DEBUG Engine] New artifact filename: /home/vasilkin/Cloudsgiving/instapic/2018-12-14_03-07-35.938766/effective
[2018-12-14 03:07:35,940 DEBUG Engine.Configuration] Dumping YAML config into /home/vasilkin/Cloudsgiving/instapic/2018-12-14_03-07-35.938766/effective.yml
[2018-12-14 03:07:35,943 DEBUG Engine] Requesting updates info: http://gettaurus.org/updates/?version=1.13.2&installID=linux-42010aa80002
[2018-12-14 03:07:35,943 DEBUG HTTPClient] Making HTTP request GET http://gettaurus.org/updates/?version=1.13.2&installID=linux-42010aa80002
[2018-12-14 03:07:35,944 DEBUG urllib3.connectionpool] Starting new HTTP connection (1): gettaurus.org:80
[2018-12-14 03:07:35,963 DEBUG Engine.Configuration] Dumping JSON config into /home/vasilkin/Cloudsgiving/instapic/2018-12-14_03-07-35.938766/effective.json
[2018-12-14 03:07:35,964 DEBUG Engine] New artifact filename: /home/vasilkin/Cloudsgiving/instapic/2018-12-14_03-07-35.938766/merged.yml
[2018-12-14 03:07:35,964 DEBUG Engine.Configuration] Dumping YAML config into /home/vasilkin/Cloudsgiving/instapic/2018-12-14_03-07-35.938766/merged.yml
[2018-12-14 03:07:35,965 DEBUG Engine] New artifact filename: /home/vasilkin/Cloudsgiving/instapic/2018-12-14_03-07-35.938766/merged.json
[2018-12-14 03:07:35,965 DEBUG Engine.Configuration] Dumping JSON config into /home/vasilkin/Cloudsgiving/instapic/2018-12-14_03-07-35.938766/merged.json
[2018-12-14 03:07:35,966 DEBUG Engine] Add existing artifact (move=False): locust.yaml
[2018-12-14 03:07:35,966 DEBUG Engine] Copying locust.yaml to /home/vasilkin/Cloudsgiving/instapic/2018-12-14_03-07-35.938766/locust.yaml
[2018-12-14 03:07:35,966 DEBUG Engine.Environment] Replace 'TAURUS_ARTIFACTS_DIR' in environment
[2018-12-14 03:07:35,966 DEBUG root] Closing log handler: /tmp/bzt_Zs1EhM.log
[2018-12-14 03:07:35,967 DEBUG root] Switched writing logs to /home/vasilkin/Cloudsgiving/instapic/2018-12-14_03-07-35.938766/bzt.log
[2018-12-14 03:07:35,967 DEBUG root] Linting config
[2018-12-14 03:07:35,969 INFO Engine] Preparing...
[2018-12-14 03:07:35,970 DEBUG Engine] Module config: consolidator {'class': u'bzt.modules.aggregator.ConsolidatingAggregator'}
[2018-12-14 03:07:35,970 DEBUG root] Importing module: bzt.modules.aggregator
[2018-12-14 03:07:36,020 DEBUG root] Loading class: 'ConsolidatingAggregator' from <module 'bzt.modules.aggregator' from '/home/vasilkin/.local/lib/python2.7/site-packages/bzt/modules/aggregator.pyc'>
[2018-12-14 03:07:36,021 DEBUG Engine.consolidator] Buffer scaling setup: percentile 95.0 from [0.0, 50.0, 90.0, 95.0, 99.0, 99.9, 100.0] selected
[2018-12-14 03:07:36,021 DEBUG Engine] Module config: monitoring {'class': u'bzt.modules.monitoring.Monitoring'}
[2018-12-14 03:07:36,021 DEBUG root] Importing module: bzt.modules.monitoring
[2018-12-14 03:07:36,023 DEBUG root] Loading class: 'Monitoring' from <module 'bzt.modules.monitoring' from '/home/vasilkin/.local/lib/python2.7/site-packages/bzt/modules/monitoring.pyc'>
[2018-12-14 03:07:36,023 DEBUG Engine] Module config: local {'class': u'bzt.modules.provisioning.Local'}
[2018-12-14 03:07:36,023 DEBUG root] Importing module: bzt.modules.provisioning
[2018-12-14 03:07:36,023 DEBUG root] Loading class: 'Local' from <module 'bzt.modules.provisioning' from '/home/vasilkin/.local/lib/python2.7/site-packages/bzt/modules/provisioning.pyc'>
[2018-12-14 03:07:36,023 DEBUG Engine] Module config: locust {'class': u'bzt.modules.locustio.LocustIOExecutor'}
[2018-12-14 03:07:36,023 DEBUG root] Importing module: bzt.modules.locustio
[2018-12-14 03:07:36,030 DEBUG root] Loading class: 'LocustIOExecutor' from <module 'bzt.modules.locustio' from '/home/vasilkin/.local/lib/python2.7/site-packages/bzt/modules/locustio.pyc'>
[2018-12-14 03:07:36,030 DEBUG Engine.local] Preparing executor: locust/140573329024272
[2018-12-14 03:07:36,031 DEBUG Engine.locust.LocustIO] Checking LocustIO: locust
[2018-12-14 03:07:36,031 DEBUG bzt.utils] Executing shell: ['locust', '--version'] at .
[2018-12-14 03:07:36,368 DEBUG Engine.locust.LocustIO] Locustio check stdout/stderr: , [2018-12-14 03:07:36,325] instagram/INFO/stdout: Locust 0.9.0
[2018-12-14 03:07:36,325] instagram/INFO/stdout: 

[2018-12-14 03:07:36,369 DEBUG Engine.locust] Extract {'script': u'locustfile.py'} into scenarios
[2018-12-14 03:07:36,369 DEBUG Engine] Add existing artifact (move=False): /home/vasilkin/Cloudsgiving/instapic/locustfile.py
[2018-12-14 03:07:36,369 DEBUG Engine] Copying /home/vasilkin/Cloudsgiving/instapic/locustfile.py to /home/vasilkin/Cloudsgiving/instapic/2018-12-14_03-07-35.938766/locustfile.py
[2018-12-14 03:07:36,370 DEBUG Engine] New artifact filename: /home/vasilkin/Cloudsgiving/instapic/2018-12-14_03-07-35.938766/kpi.jtl
[2018-12-14 03:07:36,370 DEBUG Engine] Module config: final-stats {'class': u'bzt.modules.reporting.FinalStatus'}
[2018-12-14 03:07:36,370 DEBUG root] Importing module: bzt.modules.reporting
[2018-12-14 03:07:36,376 DEBUG easyprocess] version=0.2.3
[2018-12-14 03:07:36,377 DEBUG pyvirtualdisplay] version=0.2.1
[2018-12-14 03:07:36,402 DEBUG root] Loading class: 'FinalStatus' from <module 'bzt.modules.reporting' from '/home/vasilkin/.local/lib/python2.7/site-packages/bzt/modules/reporting.pyc'>
[2018-12-14 03:07:36,403 DEBUG Engine] Module config: console {'class': u'bzt.modules.console.ConsoleStatusReporter'}
[2018-12-14 03:07:36,403 DEBUG root] Importing module: bzt.modules.console
[2018-12-14 03:07:36,403 DEBUG root] Loading class: 'ConsoleStatusReporter' from <module 'bzt.modules.console' from '/home/vasilkin/.local/lib/python2.7/site-packages/bzt/modules/console.pyc'>
[2018-12-14 03:07:36,410 DEBUG Engine.Configuration] Dumping YAML config into /home/vasilkin/Cloudsgiving/instapic/2018-12-14_03-07-35.938766/effective.yml
[2018-12-14 03:07:36,430 DEBUG Engine.Configuration] Dumping JSON config into /home/vasilkin/Cloudsgiving/instapic/2018-12-14_03-07-35.938766/effective.json
[2018-12-14 03:07:36,431 INFO Engine] Starting...
[2018-12-14 03:07:36,431 DEBUG Engine] Startup <bzt.modules.monitoring.Monitoring object at 0x7fd9d0acc290>
[2018-12-14 03:07:36,432 DEBUG Engine] Startup <bzt.modules.aggregator.ConsolidatingAggregator object at 0x7fd9d0a76290>
[2018-12-14 03:07:36,432 DEBUG Engine] Startup <bzt.modules.reporting.FinalStatus object at 0x7fd9c74c09d0>
[2018-12-14 03:07:36,432 DEBUG Engine] Startup <bzt.modules.console.ConsoleStatusReporter object at 0x7fd9c6e47150>
[2018-12-14 03:07:36,432 INFO Engine.console] Waiting for results...
[2018-12-14 03:07:36,432 DEBUG Engine] Startup <bzt.modules.provisioning.Local object at 0x7fd9d0acc510>
[2018-12-14 03:07:36,432 DEBUG Engine.local] Delay setup for locust/locustfile.py: 0(start-at) + 0(delay) = 0
[2018-12-14 03:07:36,434 DEBUG Engine.Configuration] Dumping YAML config into /home/vasilkin/Cloudsgiving/instapic/2018-12-14_03-07-35.938766/effective.yml
[2018-12-14 03:07:36,452 DEBUG Engine.Configuration] Dumping JSON config into /home/vasilkin/Cloudsgiving/instapic/2018-12-14_03-07-35.938766/effective.json
[2018-12-14 03:07:36,453 DEBUG root] Leveling down log file verbosity to INFO, use -v option to have DEBUG messages enabled
[2018-12-14 03:07:36,453 DEBUG root] Leveled up log file verbosity
[2018-12-14 03:07:36,454 DEBUG Engine] New artifact filename: /home/vasilkin/Cloudsgiving/instapic/2018-12-14_03-07-35.938766/locust.log
[2018-12-14 03:07:36,454 DEBUG Engine] New artifact filename: /home/vasilkin/Cloudsgiving/instapic/2018-12-14_03-07-35.938766/locust.out
[2018-12-14 03:07:36,454 DEBUG bzt.utils] Executing shell: ['/usr/bin/python', '/home/vasilkin/.local/lib/python2.7/site-packages/bzt/resources/locustio-taurus-wrapper.py', '-f', u'/home/vasilkin/Cloudsgiving/instapic/locustfile.py', '--logfile=/home/vasilkin/Cloudsgiving/instapic/2018-12-14_03-07-35.938766/locust.log', '--no-web', '--only-summary', '--clients=10', '--hatch-rate=0.333333'] at /home/vasilkin/Cloudsgiving/instapic
[2018-12-14 03:07:36,460 DEBUG root] Leveling down log file verbosity to INFO, use -v option to have DEBUG messages enabled
[2018-12-14 03:07:36,678 INFO Engine.console] Waiting for finish...
[2018-12-14 03:07:37,455 WARNING Engine.locust] Locust exited with non-zero code: 1
[2018-12-14 03:07:37,498 WARNING Engine] Please wait for graceful shutdown...
[2018-12-14 03:07:37,502 DEBUG root] Leveled up log file verbosity
[2018-12-14 03:07:37,502 INFO Engine] Shutting down...
[2018-12-14 03:07:37,507 DEBUG Engine] Current stop reason: None
[2018-12-14 03:07:37,507 DEBUG Engine.local] Shutdown locust/locustfile.py
[2018-12-14 03:07:37,507 DEBUG Engine.console] Restoring logging streams, [<logging.StreamHandler object at 0x7fd9d0ac4ad0>]/{<logging.StreamHandler object at 0x7fd9d0ac4ad0>: <open file '<stdout>', mode 'w' at 0x7fd9d554f150>}
[2018-12-14 03:07:37,509 DEBUG Engine.Configuration] Dumping YAML config into /home/vasilkin/Cloudsgiving/instapic/2018-12-14_03-07-35.938766/effective.yml
[2018-12-14 03:07:37,530 DEBUG Engine.Configuration] Dumping JSON config into /home/vasilkin/Cloudsgiving/instapic/2018-12-14_03-07-35.938766/effective.json
[2018-12-14 03:07:37,531 INFO Engine] Post-processing...
[2018-12-14 03:07:37,531 DEBUG Engine.local] Post-process locust/locustfile.py
[2018-12-14 03:07:37,532 DEBUG Engine.local] Exception in post_process of LocustIOExecutor: Empty results, most likely locustfile.py (LocustIOExecutor) failed. Actual reason for this can be found in logs under /home/vasilkin/Cloudsgiving/instapic/2018-12-14_03-07-35.938766 Traceback (most recent call last):
  File "/home/vasilkin/.local/lib/python2.7/site-packages/bzt/modules/provisioning.py", line 172, in post_process
    raise ToolError(message, diagnostics)
ToolError: Empty results, most likely locustfile.py (LocustIOExecutor) failed. Actual reason for this can be found in logs under /home/vasilkin/Cloudsgiving/instapic/2018-12-14_03-07-35.938766

[2018-12-14 03:07:37,532 DEBUG Engine] post_process: Empty results, most likely locustfile.py (LocustIOExecutor) failed. Actual reason for this can be found in logs under /home/vasilkin/Cloudsgiving/instapic/2018-12-14_03-07-35.938766
Traceback (most recent call last):
  File "/home/vasilkin/.local/lib/python2.7/site-packages/bzt/engine.py", line 332, in post_process
    module.post_process()
  File "/home/vasilkin/.local/lib/python2.7/site-packages/bzt/modules/provisioning.py", line 181, in post_process
    reraise(exc_info, exc_value)
  File "/home/vasilkin/.local/lib/python2.7/site-packages/bzt/modules/provisioning.py", line 172, in post_process
    raise ToolError(message, diagnostics)
ToolError: Empty results, most likely locustfile.py (LocustIOExecutor) failed. Actual reason for this can be found in logs under /home/vasilkin/Cloudsgiving/instapic/2018-12-14_03-07-35.938766

[2018-12-14 03:07:37,532 DEBUG Engine.locust.JTLReader.IncrementalCSVReader.FileReader] Reading: /home/vasilkin/Cloudsgiving/instapic/2018-12-14_03-07-35.938766/kpi.jtl
[2018-12-14 03:07:37,532 DEBUG Engine.locust.JTLReader] Buffer len: 0; Known errors count: 0
[2018-12-14 03:07:37,532 DEBUG Engine.consolidator] Consolidator buffer[0]: []
[2018-12-14 03:07:37,532 INFO Engine.final-stats] Test duration: 0:00:01
[2018-12-14 03:07:37,533 DEBUG Engine.console] No logger_handler or orig_stream was detected
[2018-12-14 03:07:37,534 DEBUG Engine.Configuration] Dumping YAML config into /home/vasilkin/Cloudsgiving/instapic/2018-12-14_03-07-35.938766/effective.yml
[2018-12-14 03:07:37,553 DEBUG Engine.Configuration] Dumping JSON config into /home/vasilkin/Cloudsgiving/instapic/2018-12-14_03-07-35.938766/effective.json
[2018-12-14 03:07:37,554 ERROR root] Child Process Error: Empty results, most likely locustfile.py (LocustIOExecutor) failed. Actual reason for this can be found in logs under /home/vasilkin/Cloudsgiving/instapic/2018-12-14_03-07-35.938766
[2018-12-14 03:07:37,555 ERROR root] Locust log:
[2018-12-14 03:07:36,910] instagram/ERROR/locust.main: No Locust class found!
[2018-12-14 03:07:37,555 DEBUG root] ToolError: Empty results, most likely locustfile.py (LocustIOExecutor) failed. Actual reason for this can be found in logs under /home/vasilkin/Cloudsgiving/instapic/2018-12-14_03-07-35.938766
Traceback (most recent call last):
  File "/home/vasilkin/.local/lib/python2.7/site-packages/bzt/cli.py", line 265, in perform
    self.engine.post_process()
  File "/home/vasilkin/.local/lib/python2.7/site-packages/bzt/engine.py", line 346, in post_process
    reraise(exc_info, exc_value)
  File "/home/vasilkin/.local/lib/python2.7/site-packages/bzt/engine.py", line 332, in post_process
    module.post_process()
  File "/home/vasilkin/.local/lib/python2.7/site-packages/bzt/modules/provisioning.py", line 181, in post_process
    reraise(exc_info, exc_value)
  File "/home/vasilkin/.local/lib/python2.7/site-packages/bzt/modules/provisioning.py", line 172, in post_process
    raise ToolError(message, diagnostics)
ToolError: Empty results, most likely locustfile.py (LocustIOExecutor) failed. Actual reason for this can be found in logs under /home/vasilkin/Cloudsgiving/instapic/2018-12-14_03-07-35.938766
[2018-12-14 03:07:37,555 INFO root] Artifacts dir: /home/vasilkin/Cloudsgiving/instapic/2018-12-14_03-07-35.938766
[2018-12-14 03:07:37,556 WARNING root] Done performing with code: 1
[2018-12-14 03:07:37,556 DEBUG root] Closing log handler: /home/vasilkin/Cloudsgiving/instapic/2018-12-14_03-07-35.938766/bzt.log
