[2018-12-14 02:59:27,899 INFO root] Taurus CLI Tool v1.13.2
[2018-12-14 02:59:27,900 DEBUG root] Command-line options: {'verbose': None, 'no_system_configs': None, 'quiet': None, 'log': '/tmp/bzt_ZmiIVm.log', 'option': None, 'aliases': []}
[2018-12-14 02:59:27,900 DEBUG root] Python: CPython 2.7.15rc1
[2018-12-14 02:59:27,900 DEBUG root] OS: ('Linux', 'instagram', '4.15.0-1025-gcp', '#26-Ubuntu SMP Sat Nov 17 00:02:47 UTC 2018', 'x86_64', 'x86_64')
[2018-12-14 02:59:27,900 INFO root] Starting with configs: ['locust.yaml']
[2018-12-14 02:59:27,901 DEBUG root] Using personal config: /home/vasilkin/.bzt-rc
[2018-12-14 02:59:27,901 INFO Engine] Configuring...
[2018-12-14 02:59:27,918 DEBUG Engine] Base configs list: [u'/home/vasilkin/.local/lib/python2.7/site-packages/bzt/resources/10-base-config.yml']
[2018-12-14 02:59:27,919 DEBUG Engine.Configuration] Configs: [u'/home/vasilkin/.local/lib/python2.7/site-packages/bzt/resources/10-base-config.yml']
[2018-12-14 02:59:27,919 DEBUG Engine.Configuration] Reading /home/vasilkin/.local/lib/python2.7/site-packages/bzt/resources/10-base-config.yml as YAML
[2018-12-14 02:59:27,941 DEBUG Engine] User configs list: ['/home/vasilkin/.bzt-rc', 'locust.yaml']
[2018-12-14 02:59:27,941 DEBUG Engine.Configuration] Configs: ['/home/vasilkin/.bzt-rc', 'locust.yaml']
[2018-12-14 02:59:27,942 DEBUG Engine.Configuration] Reading /home/vasilkin/.bzt-rc as YAML
[2018-12-14 02:59:27,944 DEBUG Engine.Configuration] Reading locust.yaml as YAML
[2018-12-14 02:59:27,946 DEBUG Engine.Configuration] Configs: ['/home/vasilkin/.bzt-rc', 'locust.yaml']
[2018-12-14 02:59:27,947 DEBUG Engine.Configuration] Reading /home/vasilkin/.bzt-rc as YAML
[2018-12-14 02:59:27,949 DEBUG Engine.Configuration] Reading locust.yaml as YAML
[2018-12-14 02:59:27,966 INFO Engine] Artifacts dir: /home/vasilkin/Cloudsgiving/instapic/2018-12-14_02-59-27.966543
[2018-12-14 02:59:27,967 DEBUG Engine] New artifact filename: /home/vasilkin/Cloudsgiving/instapic/2018-12-14_02-59-27.966543/effective
[2018-12-14 02:59:27,968 DEBUG Engine.Configuration] Dumping YAML config into /home/vasilkin/Cloudsgiving/instapic/2018-12-14_02-59-27.966543/effective.yml
[2018-12-14 02:59:27,974 DEBUG Engine] Requesting updates info: http://gettaurus.org/updates/?version=1.13.2&installID=linux-42010aa80002
[2018-12-14 02:59:27,974 DEBUG HTTPClient] Making HTTP request GET http://gettaurus.org/updates/?version=1.13.2&installID=linux-42010aa80002
[2018-12-14 02:59:27,977 DEBUG urllib3.connectionpool] Starting new HTTP connection (1): gettaurus.org:80
[2018-12-14 02:59:28,005 DEBUG Engine.Configuration] Dumping JSON config into /home/vasilkin/Cloudsgiving/instapic/2018-12-14_02-59-27.966543/effective.json
[2018-12-14 02:59:28,006 DEBUG Engine] New artifact filename: /home/vasilkin/Cloudsgiving/instapic/2018-12-14_02-59-27.966543/merged.yml
[2018-12-14 02:59:28,006 DEBUG Engine.Configuration] Dumping YAML config into /home/vasilkin/Cloudsgiving/instapic/2018-12-14_02-59-27.966543/merged.yml
[2018-12-14 02:59:28,008 DEBUG Engine] New artifact filename: /home/vasilkin/Cloudsgiving/instapic/2018-12-14_02-59-27.966543/merged.json
[2018-12-14 02:59:28,008 DEBUG Engine.Configuration] Dumping JSON config into /home/vasilkin/Cloudsgiving/instapic/2018-12-14_02-59-27.966543/merged.json
[2018-12-14 02:59:28,008 DEBUG Engine] Add existing artifact (move=False): locust.yaml
[2018-12-14 02:59:28,008 DEBUG Engine] Copying locust.yaml to /home/vasilkin/Cloudsgiving/instapic/2018-12-14_02-59-27.966543/locust.yaml
[2018-12-14 02:59:28,008 DEBUG Engine.Environment] Replace 'TAURUS_ARTIFACTS_DIR' in environment
[2018-12-14 02:59:28,009 DEBUG root] Closing log handler: /tmp/bzt_ZmiIVm.log
[2018-12-14 02:59:28,009 DEBUG root] Switched writing logs to /home/vasilkin/Cloudsgiving/instapic/2018-12-14_02-59-27.966543/bzt.log
[2018-12-14 02:59:28,009 DEBUG root] Linting config
[2018-12-14 02:59:28,012 INFO Engine] Preparing...
[2018-12-14 02:59:28,012 DEBUG Engine] Module config: consolidator {'class': u'bzt.modules.aggregator.ConsolidatingAggregator'}
[2018-12-14 02:59:28,013 DEBUG root] Importing module: bzt.modules.aggregator
[2018-12-14 02:59:28,226 DEBUG root] Loading class: 'ConsolidatingAggregator' from <module 'bzt.modules.aggregator' from '/home/vasilkin/.local/lib/python2.7/site-packages/bzt/modules/aggregator.pyc'>
[2018-12-14 02:59:28,226 DEBUG Engine.consolidator] Buffer scaling setup: percentile 95.0 from [0.0, 50.0, 90.0, 95.0, 99.0, 99.9, 100.0] selected
[2018-12-14 02:59:28,226 DEBUG Engine] Module config: monitoring {'class': u'bzt.modules.monitoring.Monitoring'}
[2018-12-14 02:59:28,226 DEBUG root] Importing module: bzt.modules.monitoring
[2018-12-14 02:59:28,229 DEBUG root] Loading class: 'Monitoring' from <module 'bzt.modules.monitoring' from '/home/vasilkin/.local/lib/python2.7/site-packages/bzt/modules/monitoring.pyc'>
[2018-12-14 02:59:28,229 DEBUG Engine] Module config: local {'class': u'bzt.modules.provisioning.Local'}
[2018-12-14 02:59:28,229 DEBUG root] Importing module: bzt.modules.provisioning
[2018-12-14 02:59:28,229 DEBUG root] Loading class: 'Local' from <module 'bzt.modules.provisioning' from '/home/vasilkin/.local/lib/python2.7/site-packages/bzt/modules/provisioning.pyc'>
[2018-12-14 02:59:28,229 DEBUG Engine] Module config: locust {'class': u'bzt.modules.locustio.LocustIOExecutor'}
[2018-12-14 02:59:28,229 DEBUG root] Importing module: bzt.modules.locustio
[2018-12-14 02:59:28,237 DEBUG root] Loading class: 'LocustIOExecutor' from <module 'bzt.modules.locustio' from '/home/vasilkin/.local/lib/python2.7/site-packages/bzt/modules/locustio.pyc'>
[2018-12-14 02:59:28,237 DEBUG Engine.local] Preparing executor: locust/139992178832464
[2018-12-14 02:59:28,237 DEBUG Engine.locust.LocustIO] Checking LocustIO: locust
[2018-12-14 02:59:28,238 DEBUG bzt.utils] Executing shell: ['locust', '--version'] at .
[2018-12-14 02:59:28,706 DEBUG Engine.locust.LocustIO] Locustio check stdout/stderr: , [2018-12-14 02:59:28,671] instagram/INFO/stdout: Locust 0.9.0
[2018-12-14 02:59:28,672] instagram/INFO/stdout: 

[2018-12-14 02:59:28,706 DEBUG Engine.locust] Extract {'script': u'locustfile.py'} into scenarios
[2018-12-14 02:59:28,707 DEBUG Engine] Add existing artifact (move=False): /home/vasilkin/Cloudsgiving/instapic/locustfile.py
[2018-12-14 02:59:28,707 DEBUG Engine] Copying /home/vasilkin/Cloudsgiving/instapic/locustfile.py to /home/vasilkin/Cloudsgiving/instapic/2018-12-14_02-59-27.966543/locustfile.py
[2018-12-14 02:59:28,707 DEBUG Engine] New artifact filename: /home/vasilkin/Cloudsgiving/instapic/2018-12-14_02-59-27.966543/kpi.jtl
[2018-12-14 02:59:28,708 DEBUG Engine] Module config: final-stats {'class': u'bzt.modules.reporting.FinalStatus'}
[2018-12-14 02:59:28,708 DEBUG root] Importing module: bzt.modules.reporting
[2018-12-14 02:59:28,724 DEBUG easyprocess] version=0.2.3
[2018-12-14 02:59:28,725 DEBUG pyvirtualdisplay] version=0.2.1
[2018-12-14 02:59:28,768 DEBUG urllib3.connectionpool] http://gettaurus.org:80 "GET /updates/?version=1.13.2&installID=linux-42010aa80002 HTTP/1.1" 200 60
[2018-12-14 02:59:28,770 DEBUG Engine] Taurus updates info: {u'needsUpgrade': False, u'latest': u'1.13.2'}
[2018-12-14 02:59:28,770 DEBUG Engine] Installation is up-to-date
[2018-12-14 02:59:28,788 DEBUG root] Loading class: 'FinalStatus' from <module 'bzt.modules.reporting' from '/home/vasilkin/.local/lib/python2.7/site-packages/bzt/modules/reporting.pyc'>
[2018-12-14 02:59:28,789 DEBUG Engine] Module config: console {'class': u'bzt.modules.console.ConsoleStatusReporter'}
[2018-12-14 02:59:28,789 DEBUG root] Importing module: bzt.modules.console
[2018-12-14 02:59:28,789 DEBUG root] Loading class: 'ConsoleStatusReporter' from <module 'bzt.modules.console' from '/home/vasilkin/.local/lib/python2.7/site-packages/bzt/modules/console.pyc'>
[2018-12-14 02:59:28,796 DEBUG Engine.Configuration] Dumping YAML config into /home/vasilkin/Cloudsgiving/instapic/2018-12-14_02-59-27.966543/effective.yml
[2018-12-14 02:59:28,814 DEBUG Engine.Configuration] Dumping JSON config into /home/vasilkin/Cloudsgiving/instapic/2018-12-14_02-59-27.966543/effective.json
[2018-12-14 02:59:28,815 INFO Engine] Starting...
[2018-12-14 02:59:28,816 DEBUG Engine] Startup <bzt.modules.monitoring.Monitoring object at 0x7f527aacd290>
[2018-12-14 02:59:28,816 DEBUG Engine] Startup <bzt.modules.aggregator.ConsolidatingAggregator object at 0x7f527aa77490>
[2018-12-14 02:59:28,816 DEBUG Engine] Startup <bzt.modules.reporting.FinalStatus object at 0x7f52780bd910>
[2018-12-14 02:59:28,816 DEBUG Engine] Startup <bzt.modules.console.ConsoleStatusReporter object at 0x7f52780af150>
[2018-12-14 02:59:28,816 INFO Engine.console] Waiting for results...
[2018-12-14 02:59:28,817 DEBUG Engine] Startup <bzt.modules.provisioning.Local object at 0x7f527aacd510>
[2018-12-14 02:59:28,817 DEBUG Engine.local] Delay setup for locust/locustfile.py: 0(start-at) + 0(delay) = 0
[2018-12-14 02:59:28,818 DEBUG Engine.Configuration] Dumping YAML config into /home/vasilkin/Cloudsgiving/instapic/2018-12-14_02-59-27.966543/effective.yml
[2018-12-14 02:59:28,838 DEBUG Engine.Configuration] Dumping JSON config into /home/vasilkin/Cloudsgiving/instapic/2018-12-14_02-59-27.966543/effective.json
[2018-12-14 02:59:28,838 DEBUG root] Leveling down log file verbosity to INFO, use -v option to have DEBUG messages enabled
[2018-12-14 02:59:28,839 DEBUG root] Leveled up log file verbosity
[2018-12-14 02:59:28,839 DEBUG Engine] New artifact filename: /home/vasilkin/Cloudsgiving/instapic/2018-12-14_02-59-27.966543/locust.log
[2018-12-14 02:59:28,839 DEBUG Engine] New artifact filename: /home/vasilkin/Cloudsgiving/instapic/2018-12-14_02-59-27.966543/locust.out
[2018-12-14 02:59:28,839 DEBUG bzt.utils] Executing shell: ['/usr/bin/python', '/home/vasilkin/.local/lib/python2.7/site-packages/bzt/resources/locustio-taurus-wrapper.py', '-f', u'/home/vasilkin/Cloudsgiving/instapic/locustfile.py', '--logfile=/home/vasilkin/Cloudsgiving/instapic/2018-12-14_02-59-27.966543/locust.log', '--no-web', '--only-summary', '--clients=10', '--hatch-rate=0.333333'] at /home/vasilkin/Cloudsgiving/instapic
[2018-12-14 02:59:28,844 DEBUG root] Leveling down log file verbosity to INFO, use -v option to have DEBUG messages enabled
[2018-12-14 02:59:29,117 INFO Engine.console] Waiting for finish...
[2018-12-14 02:59:29,840 WARNING Engine.locust] Locust exited with non-zero code: 1
[2018-12-14 02:59:29,882 WARNING Engine] Please wait for graceful shutdown...
[2018-12-14 02:59:29,886 DEBUG root] Leveled up log file verbosity
[2018-12-14 02:59:29,886 INFO Engine] Shutting down...
[2018-12-14 02:59:29,890 DEBUG Engine] Current stop reason: None
[2018-12-14 02:59:29,891 DEBUG Engine.local] Shutdown locust/locustfile.py
[2018-12-14 02:59:29,891 DEBUG Engine.console] Restoring logging streams, [<logging.StreamHandler object at 0x7f527aac5ad0>]/{<logging.StreamHandler object at 0x7f527aac5ad0>: <open file '<stdout>', mode 'w' at 0x7f527f550150>}
[2018-12-14 02:59:29,893 DEBUG Engine.Configuration] Dumping YAML config into /home/vasilkin/Cloudsgiving/instapic/2018-12-14_02-59-27.966543/effective.yml
[2018-12-14 02:59:29,912 DEBUG Engine.Configuration] Dumping JSON config into /home/vasilkin/Cloudsgiving/instapic/2018-12-14_02-59-27.966543/effective.json
[2018-12-14 02:59:29,912 INFO Engine] Post-processing...
[2018-12-14 02:59:29,913 DEBUG Engine.local] Post-process locust/locustfile.py
[2018-12-14 02:59:29,913 DEBUG Engine.local] Exception in post_process of LocustIOExecutor: Empty results, most likely locustfile.py (LocustIOExecutor) failed. Actual reason for this can be found in logs under /home/vasilkin/Cloudsgiving/instapic/2018-12-14_02-59-27.966543 Traceback (most recent call last):
  File "/home/vasilkin/.local/lib/python2.7/site-packages/bzt/modules/provisioning.py", line 172, in post_process
    raise ToolError(message, diagnostics)
ToolError: Empty results, most likely locustfile.py (LocustIOExecutor) failed. Actual reason for this can be found in logs under /home/vasilkin/Cloudsgiving/instapic/2018-12-14_02-59-27.966543

[2018-12-14 02:59:29,913 DEBUG Engine] post_process: Empty results, most likely locustfile.py (LocustIOExecutor) failed. Actual reason for this can be found in logs under /home/vasilkin/Cloudsgiving/instapic/2018-12-14_02-59-27.966543
Traceback (most recent call last):
  File "/home/vasilkin/.local/lib/python2.7/site-packages/bzt/engine.py", line 332, in post_process
    module.post_process()
  File "/home/vasilkin/.local/lib/python2.7/site-packages/bzt/modules/provisioning.py", line 181, in post_process
    reraise(exc_info, exc_value)
  File "/home/vasilkin/.local/lib/python2.7/site-packages/bzt/modules/provisioning.py", line 172, in post_process
    raise ToolError(message, diagnostics)
ToolError: Empty results, most likely locustfile.py (LocustIOExecutor) failed. Actual reason for this can be found in logs under /home/vasilkin/Cloudsgiving/instapic/2018-12-14_02-59-27.966543

[2018-12-14 02:59:29,914 DEBUG Engine.locust.JTLReader.IncrementalCSVReader.FileReader] Reading: /home/vasilkin/Cloudsgiving/instapic/2018-12-14_02-59-27.966543/kpi.jtl
[2018-12-14 02:59:29,914 DEBUG Engine.locust.JTLReader] Buffer len: 0; Known errors count: 0
[2018-12-14 02:59:29,914 DEBUG Engine.consolidator] Consolidator buffer[0]: []
[2018-12-14 02:59:29,914 INFO Engine.final-stats] Test duration: 0:00:01
[2018-12-14 02:59:29,914 DEBUG Engine.console] No logger_handler or orig_stream was detected
[2018-12-14 02:59:29,916 DEBUG Engine.Configuration] Dumping YAML config into /home/vasilkin/Cloudsgiving/instapic/2018-12-14_02-59-27.966543/effective.yml
[2018-12-14 02:59:29,934 DEBUG Engine.Configuration] Dumping JSON config into /home/vasilkin/Cloudsgiving/instapic/2018-12-14_02-59-27.966543/effective.json
[2018-12-14 02:59:29,935 ERROR root] Child Process Error: Empty results, most likely locustfile.py (LocustIOExecutor) failed. Actual reason for this can be found in logs under /home/vasilkin/Cloudsgiving/instapic/2018-12-14_02-59-27.966543
[2018-12-14 02:59:29,936 ERROR root] Locust log:
[2018-12-14 02:59:29,259] instagram/ERROR/stderr: Traceback (most recent call last):
[2018-12-14 02:59:29,259] instagram/ERROR/stderr: File "/home/vasilkin/.local/lib/python2.7/site-packages/bzt/resources/locustio-taurus-wrapper.py", line 120, in <module>
[2018-12-14 02:59:29,259] instagram/ERROR/stderr: 
[2018-12-14 02:59:29,259] instagram/ERROR/stderr: locust_starter.execute()
[2018-12-14 02:59:29,259] instagram/ERROR/stderr: File "/home/vasilkin/.local/lib/python2.7/site-packages/bzt/resources/locustio-taurus-wrapper.py", line 114, in execute
[2018-12-14 02:59:29,259] instagram/ERROR/stderr: 
[2018-12-14 02:59:29,259] instagram/ERROR/stderr: main.main()
[2018-12-14 02:59:29,259] instagram/ERROR/stderr: File "/home/vasilkin/.local/lib/python2.7/site-packages/locust/main.py", line 391, in main
[2018-12-14 02:59:29,259] instagram/ERROR/stderr: 
[2018-12-14 02:59:29,259] instagram/ERROR/stderr: docstring, locusts = load_locustfile(locustfile)
[2018-12-14 02:59:29,259] instagram/ERROR/stderr: File "/home/vasilkin/.local/lib/python2.7/site-packages/locust/main.py", line 358, in load_locustfile
[2018-12-14 02:59:29,259] instagram/ERROR/stderr: 
[2018-12-14 02:59:29,260] instagram/ERROR/stderr: imported = __import__(os.path.splitext(locustfile)[0])
[2018-12-14 02:59:29,260] instagram/ERROR/stderr: File "/home/vasilkin/.local/lib/python2.7/site-packages/gevent/builtins.py", line 96, in __import__
[2018-12-14 02:59:29,260] instagram/ERROR/stderr: 
[2018-12-14 02:59:29,260] instagram/ERROR/stderr: result = _import(*args, **kwargs)
[2018-12-14 02:59:29,260] instagram/ERROR/stderr: File "
[2018-12-14 02:59:29,260] instagram/ERROR/stderr: /home/vasilkin/Cloudsgiving/instapic/locustfile.py
[2018-12-14 02:59:29,260] instagram/ERROR/stderr: ", line
[2018-12-14 02:59:29,260] instagram/ERROR/stderr: 4
[2018-12-14 02:59:29,260] instagram/ERROR/stderr: 
[2018-12-14 02:59:29,260] instagram/ERROR/stderr: 
[2018-12-14 02:59:29,260] instagram/ERROR/stderr: def on start(self):
[2018-12-14 02:59:29,260] instagram/ERROR/stderr: 
[2018-12-14 02:59:29,260] instagram/ERROR/stderr: 
[2018-12-14 02:59:29,260] instagram/ERROR/stderr: 
[2018-12-14 02:59:29,260] instagram/ERROR/stderr: 
[2018-12-14 02:59:29,260] instagram/ERROR/stderr: 
[2018-12-14 02:59:29,260] instagram/ERROR/stderr: 
[2018-12-14 02:59:29,260] instagram/ERROR/stderr: 
[2018-12-14 02:59:29,260] instagram/ERROR/stderr: 
[2018-12-14 02:59:29,260] instagram/ERROR/stderr: 
[2018-12-14 02:59:29,260] instagram/ERROR/stderr: 
[2018-12-14 02:59:29,260] instagram/ERROR/stderr: 
[2018-12-14 02:59:29,260] instagram/ERROR/stderr: 
[2018-12-14 02:59:29,260] instagram/ERROR/stderr: ^
[2018-12-14 02:59:29,260] instagram/ERROR/stderr: SyntaxError
[2018-12-14 02:59:29,260] instagram/ERROR/stderr: :
[2018-12-14 02:59:29,260] instagram/ERROR/stderr: invalid syntax
[2018-12-14 02:59:29,260] instagram/ERROR/stderr:
[2018-12-14 02:59:29,938 DEBUG root] ToolError: Empty results, most likely locustfile.py (LocustIOExecutor) failed. Actual reason for this can be found in logs under /home/vasilkin/Cloudsgiving/instapic/2018-12-14_02-59-27.966543
Traceback (most recent call last):
  File "/home/vasilkin/.local/lib/python2.7/site-packages/bzt/cli.py", line 265, in perform
    self.engine.post_process()
  File "/home/vasilkin/.local/lib/python2.7/site-packages/bzt/engine.py", line 346, in post_process
    reraise(exc_info, exc_value)
  File "/home/vasilkin/.local/lib/python2.7/site-packages/bzt/engine.py", line 332, in post_process
    module.post_process()
  File "/home/vasilkin/.local/lib/python2.7/site-packages/bzt/modules/provisioning.py", line 181, in post_process
    reraise(exc_info, exc_value)
  File "/home/vasilkin/.local/lib/python2.7/site-packages/bzt/modules/provisioning.py", line 172, in post_process
    raise ToolError(message, diagnostics)
ToolError: Empty results, most likely locustfile.py (LocustIOExecutor) failed. Actual reason for this can be found in logs under /home/vasilkin/Cloudsgiving/instapic/2018-12-14_02-59-27.966543
[2018-12-14 02:59:29,938 INFO root] Artifacts dir: /home/vasilkin/Cloudsgiving/instapic/2018-12-14_02-59-27.966543
[2018-12-14 02:59:29,939 WARNING root] Done performing with code: 1
[2018-12-14 02:59:29,939 DEBUG root] Closing log handler: /home/vasilkin/Cloudsgiving/instapic/2018-12-14_02-59-27.966543/bzt.log
