[2018-12-14 03:04:50,289 INFO root] Taurus CLI Tool v1.13.2
[2018-12-14 03:04:50,289 DEBUG root] Command-line options: {'verbose': None, 'no_system_configs': None, 'quiet': None, 'log': '/tmp/bzt_MA5zCt.log', 'option': None, 'aliases': []}
[2018-12-14 03:04:50,290 DEBUG root] Python: CPython 2.7.15rc1
[2018-12-14 03:04:50,290 DEBUG root] OS: ('Linux', 'instagram', '4.15.0-1025-gcp', '#26-Ubuntu SMP Sat Nov 17 00:02:47 UTC 2018', 'x86_64', 'x86_64')
[2018-12-14 03:04:50,290 INFO root] Starting with configs: ['locust.yaml']
[2018-12-14 03:04:50,290 DEBUG root] Using personal config: /home/vasilkin/.bzt-rc
[2018-12-14 03:04:50,290 INFO Engine] Configuring...
[2018-12-14 03:04:50,307 DEBUG Engine] Base configs list: [u'/home/vasilkin/.local/lib/python2.7/site-packages/bzt/resources/10-base-config.yml']
[2018-12-14 03:04:50,307 DEBUG Engine.Configuration] Configs: [u'/home/vasilkin/.local/lib/python2.7/site-packages/bzt/resources/10-base-config.yml']
[2018-12-14 03:04:50,308 DEBUG Engine.Configuration] Reading /home/vasilkin/.local/lib/python2.7/site-packages/bzt/resources/10-base-config.yml as YAML
[2018-12-14 03:04:50,330 DEBUG Engine] User configs list: ['/home/vasilkin/.bzt-rc', 'locust.yaml']
[2018-12-14 03:04:50,330 DEBUG Engine.Configuration] Configs: ['/home/vasilkin/.bzt-rc', 'locust.yaml']
[2018-12-14 03:04:50,331 DEBUG Engine.Configuration] Reading /home/vasilkin/.bzt-rc as YAML
[2018-12-14 03:04:50,333 DEBUG Engine.Configuration] Reading locust.yaml as YAML
[2018-12-14 03:04:50,335 DEBUG Engine.Configuration] Configs: ['/home/vasilkin/.bzt-rc', 'locust.yaml']
[2018-12-14 03:04:50,336 DEBUG Engine.Configuration] Reading /home/vasilkin/.bzt-rc as YAML
[2018-12-14 03:04:50,338 DEBUG Engine.Configuration] Reading locust.yaml as YAML
[2018-12-14 03:04:50,341 INFO Engine] Artifacts dir: /home/vasilkin/Cloudsgiving/instapic/2018-12-14_03-04-50.341439
[2018-12-14 03:04:50,341 DEBUG Engine] New artifact filename: /home/vasilkin/Cloudsgiving/instapic/2018-12-14_03-04-50.341439/effective
[2018-12-14 03:04:50,343 DEBUG Engine.Configuration] Dumping YAML config into /home/vasilkin/Cloudsgiving/instapic/2018-12-14_03-04-50.341439/effective.yml
[2018-12-14 03:04:50,347 DEBUG Engine] Requesting updates info: http://gettaurus.org/updates/?version=1.13.2&installID=linux-42010aa80002
[2018-12-14 03:04:50,347 DEBUG HTTPClient] Making HTTP request GET http://gettaurus.org/updates/?version=1.13.2&installID=linux-42010aa80002
[2018-12-14 03:04:50,348 DEBUG urllib3.connectionpool] Starting new HTTP connection (1): gettaurus.org:80
[2018-12-14 03:04:50,365 DEBUG Engine.Configuration] Dumping JSON config into /home/vasilkin/Cloudsgiving/instapic/2018-12-14_03-04-50.341439/effective.json
[2018-12-14 03:04:50,366 DEBUG Engine] New artifact filename: /home/vasilkin/Cloudsgiving/instapic/2018-12-14_03-04-50.341439/merged.yml
[2018-12-14 03:04:50,366 DEBUG Engine.Configuration] Dumping YAML config into /home/vasilkin/Cloudsgiving/instapic/2018-12-14_03-04-50.341439/merged.yml
[2018-12-14 03:04:50,368 DEBUG Engine] New artifact filename: /home/vasilkin/Cloudsgiving/instapic/2018-12-14_03-04-50.341439/merged.json
[2018-12-14 03:04:50,368 DEBUG Engine.Configuration] Dumping JSON config into /home/vasilkin/Cloudsgiving/instapic/2018-12-14_03-04-50.341439/merged.json
[2018-12-14 03:04:50,368 DEBUG Engine] Add existing artifact (move=False): locust.yaml
[2018-12-14 03:04:50,368 DEBUG Engine] Copying locust.yaml to /home/vasilkin/Cloudsgiving/instapic/2018-12-14_03-04-50.341439/locust.yaml
[2018-12-14 03:04:50,368 DEBUG Engine.Environment] Replace 'TAURUS_ARTIFACTS_DIR' in environment
[2018-12-14 03:04:50,369 DEBUG root] Closing log handler: /tmp/bzt_MA5zCt.log
[2018-12-14 03:04:50,369 DEBUG root] Switched writing logs to /home/vasilkin/Cloudsgiving/instapic/2018-12-14_03-04-50.341439/bzt.log
[2018-12-14 03:04:50,369 DEBUG root] Linting config
[2018-12-14 03:04:50,372 INFO Engine] Preparing...
[2018-12-14 03:04:50,372 DEBUG Engine] Module config: consolidator {'class': u'bzt.modules.aggregator.ConsolidatingAggregator'}
[2018-12-14 03:04:50,372 DEBUG root] Importing module: bzt.modules.aggregator
[2018-12-14 03:04:50,424 DEBUG root] Loading class: 'ConsolidatingAggregator' from <module 'bzt.modules.aggregator' from '/home/vasilkin/.local/lib/python2.7/site-packages/bzt/modules/aggregator.pyc'>
[2018-12-14 03:04:50,424 DEBUG Engine.consolidator] Buffer scaling setup: percentile 95.0 from [0.0, 50.0, 90.0, 95.0, 99.0, 99.9, 100.0] selected
[2018-12-14 03:04:50,425 DEBUG Engine] Module config: monitoring {'class': u'bzt.modules.monitoring.Monitoring'}
[2018-12-14 03:04:50,425 DEBUG root] Importing module: bzt.modules.monitoring
[2018-12-14 03:04:50,427 DEBUG root] Loading class: 'Monitoring' from <module 'bzt.modules.monitoring' from '/home/vasilkin/.local/lib/python2.7/site-packages/bzt/modules/monitoring.pyc'>
[2018-12-14 03:04:50,427 DEBUG Engine] Module config: local {'class': u'bzt.modules.provisioning.Local'}
[2018-12-14 03:04:50,427 DEBUG root] Importing module: bzt.modules.provisioning
[2018-12-14 03:04:50,427 DEBUG root] Loading class: 'Local' from <module 'bzt.modules.provisioning' from '/home/vasilkin/.local/lib/python2.7/site-packages/bzt/modules/provisioning.pyc'>
[2018-12-14 03:04:50,427 DEBUG Engine] Module config: locust {'class': u'bzt.modules.locustio.LocustIOExecutor'}
[2018-12-14 03:04:50,427 DEBUG root] Importing module: bzt.modules.locustio
[2018-12-14 03:04:50,434 DEBUG root] Loading class: 'LocustIOExecutor' from <module 'bzt.modules.locustio' from '/home/vasilkin/.local/lib/python2.7/site-packages/bzt/modules/locustio.pyc'>
[2018-12-14 03:04:50,435 DEBUG Engine.local] Preparing executor: locust/140464960709904
[2018-12-14 03:04:50,435 DEBUG Engine.locust.LocustIO] Checking LocustIO: locust
[2018-12-14 03:04:50,435 DEBUG bzt.utils] Executing shell: ['locust', '--version'] at .
[2018-12-14 03:04:50,760 DEBUG Engine.locust.LocustIO] Locustio check stdout/stderr: , [2018-12-14 03:04:50,731] instagram/INFO/stdout: Locust 0.9.0
[2018-12-14 03:04:50,731] instagram/INFO/stdout: 

[2018-12-14 03:04:50,762 DEBUG Engine.locust] Extract {'script': u'locustfile.py'} into scenarios
[2018-12-14 03:04:50,763 DEBUG Engine] Add existing artifact (move=False): /home/vasilkin/Cloudsgiving/instapic/locustfile.py
[2018-12-14 03:04:50,763 DEBUG Engine] Copying /home/vasilkin/Cloudsgiving/instapic/locustfile.py to /home/vasilkin/Cloudsgiving/instapic/2018-12-14_03-04-50.341439/locustfile.py
[2018-12-14 03:04:50,763 DEBUG Engine] New artifact filename: /home/vasilkin/Cloudsgiving/instapic/2018-12-14_03-04-50.341439/kpi.jtl
[2018-12-14 03:04:50,764 DEBUG Engine] Module config: final-stats {'class': u'bzt.modules.reporting.FinalStatus'}
[2018-12-14 03:04:50,764 DEBUG root] Importing module: bzt.modules.reporting
[2018-12-14 03:04:50,769 DEBUG easyprocess] version=0.2.3
[2018-12-14 03:04:50,770 DEBUG pyvirtualdisplay] version=0.2.1
[2018-12-14 03:04:50,790 DEBUG root] Loading class: 'FinalStatus' from <module 'bzt.modules.reporting' from '/home/vasilkin/.local/lib/python2.7/site-packages/bzt/modules/reporting.pyc'>
[2018-12-14 03:04:50,790 DEBUG Engine] Module config: console {'class': u'bzt.modules.console.ConsoleStatusReporter'}
[2018-12-14 03:04:50,790 DEBUG root] Importing module: bzt.modules.console
[2018-12-14 03:04:50,790 DEBUG root] Loading class: 'ConsoleStatusReporter' from <module 'bzt.modules.console' from '/home/vasilkin/.local/lib/python2.7/site-packages/bzt/modules/console.pyc'>
[2018-12-14 03:04:50,797 DEBUG Engine.Configuration] Dumping YAML config into /home/vasilkin/Cloudsgiving/instapic/2018-12-14_03-04-50.341439/effective.yml
[2018-12-14 03:04:50,815 DEBUG Engine.Configuration] Dumping JSON config into /home/vasilkin/Cloudsgiving/instapic/2018-12-14_03-04-50.341439/effective.json
[2018-12-14 03:04:50,816 INFO Engine] Starting...
[2018-12-14 03:04:50,817 DEBUG Engine] Startup <bzt.modules.monitoring.Monitoring object at 0x7fc08df63290>
[2018-12-14 03:04:50,817 DEBUG Engine] Startup <bzt.modules.aggregator.ConsolidatingAggregator object at 0x7fc08df0d290>
[2018-12-14 03:04:50,817 DEBUG Engine] Startup <bzt.modules.reporting.FinalStatus object at 0x7fc08c0ac9d0>
[2018-12-14 03:04:50,817 DEBUG Engine] Startup <bzt.modules.console.ConsoleStatusReporter object at 0x7fc08c09e150>
[2018-12-14 03:04:50,817 INFO Engine.console] Waiting for results...
[2018-12-14 03:04:50,818 DEBUG Engine] Startup <bzt.modules.provisioning.Local object at 0x7fc08df63510>
[2018-12-14 03:04:50,818 DEBUG Engine.local] Delay setup for locust/locustfile.py: 0(start-at) + 0(delay) = 0
[2018-12-14 03:04:50,819 DEBUG Engine.Configuration] Dumping YAML config into /home/vasilkin/Cloudsgiving/instapic/2018-12-14_03-04-50.341439/effective.yml
[2018-12-14 03:04:50,838 DEBUG Engine.Configuration] Dumping JSON config into /home/vasilkin/Cloudsgiving/instapic/2018-12-14_03-04-50.341439/effective.json
[2018-12-14 03:04:50,839 DEBUG root] Leveling down log file verbosity to INFO, use -v option to have DEBUG messages enabled
[2018-12-14 03:04:50,839 DEBUG root] Leveled up log file verbosity
[2018-12-14 03:04:50,839 DEBUG Engine] New artifact filename: /home/vasilkin/Cloudsgiving/instapic/2018-12-14_03-04-50.341439/locust.log
[2018-12-14 03:04:50,839 DEBUG Engine] New artifact filename: /home/vasilkin/Cloudsgiving/instapic/2018-12-14_03-04-50.341439/locust.out
[2018-12-14 03:04:50,840 DEBUG bzt.utils] Executing shell: ['/usr/bin/python', '/home/vasilkin/.local/lib/python2.7/site-packages/bzt/resources/locustio-taurus-wrapper.py', '-f', u'/home/vasilkin/Cloudsgiving/instapic/locustfile.py', '--logfile=/home/vasilkin/Cloudsgiving/instapic/2018-12-14_03-04-50.341439/locust.log', '--no-web', '--only-summary', '--clients=10', '--hatch-rate=0.333333'] at /home/vasilkin/Cloudsgiving/instapic
[2018-12-14 03:04:50,844 DEBUG root] Leveling down log file verbosity to INFO, use -v option to have DEBUG messages enabled
[2018-12-14 03:04:51,061 INFO Engine.console] Waiting for finish...
[2018-12-14 03:04:51,840 WARNING Engine.locust] Locust exited with non-zero code: 1
[2018-12-14 03:04:51,880 WARNING Engine] Please wait for graceful shutdown...
[2018-12-14 03:04:51,884 DEBUG root] Leveled up log file verbosity
[2018-12-14 03:04:51,884 INFO Engine] Shutting down...
[2018-12-14 03:04:51,887 DEBUG Engine] Current stop reason: None
[2018-12-14 03:04:51,888 DEBUG Engine.local] Shutdown locust/locustfile.py
[2018-12-14 03:04:51,888 DEBUG Engine.console] Restoring logging streams, [<logging.StreamHandler object at 0x7fc08df5bad0>]/{<logging.StreamHandler object at 0x7fc08df5bad0>: <open file '<stdout>', mode 'w' at 0x7fc0929e6150>}
[2018-12-14 03:04:51,890 DEBUG Engine.Configuration] Dumping YAML config into /home/vasilkin/Cloudsgiving/instapic/2018-12-14_03-04-50.341439/effective.yml
[2018-12-14 03:04:51,909 DEBUG Engine.Configuration] Dumping JSON config into /home/vasilkin/Cloudsgiving/instapic/2018-12-14_03-04-50.341439/effective.json
[2018-12-14 03:04:51,909 INFO Engine] Post-processing...
[2018-12-14 03:04:51,910 DEBUG Engine.local] Post-process locust/locustfile.py
[2018-12-14 03:04:51,910 DEBUG Engine.local] Exception in post_process of LocustIOExecutor: Empty results, most likely locustfile.py (LocustIOExecutor) failed. Actual reason for this can be found in logs under /home/vasilkin/Cloudsgiving/instapic/2018-12-14_03-04-50.341439 Traceback (most recent call last):
  File "/home/vasilkin/.local/lib/python2.7/site-packages/bzt/modules/provisioning.py", line 172, in post_process
    raise ToolError(message, diagnostics)
ToolError: Empty results, most likely locustfile.py (LocustIOExecutor) failed. Actual reason for this can be found in logs under /home/vasilkin/Cloudsgiving/instapic/2018-12-14_03-04-50.341439

[2018-12-14 03:04:51,910 DEBUG Engine] post_process: Empty results, most likely locustfile.py (LocustIOExecutor) failed. Actual reason for this can be found in logs under /home/vasilkin/Cloudsgiving/instapic/2018-12-14_03-04-50.341439
Traceback (most recent call last):
  File "/home/vasilkin/.local/lib/python2.7/site-packages/bzt/engine.py", line 332, in post_process
    module.post_process()
  File "/home/vasilkin/.local/lib/python2.7/site-packages/bzt/modules/provisioning.py", line 181, in post_process
    reraise(exc_info, exc_value)
  File "/home/vasilkin/.local/lib/python2.7/site-packages/bzt/modules/provisioning.py", line 172, in post_process
    raise ToolError(message, diagnostics)
ToolError: Empty results, most likely locustfile.py (LocustIOExecutor) failed. Actual reason for this can be found in logs under /home/vasilkin/Cloudsgiving/instapic/2018-12-14_03-04-50.341439

[2018-12-14 03:04:51,910 DEBUG Engine.locust.JTLReader.IncrementalCSVReader.FileReader] Reading: /home/vasilkin/Cloudsgiving/instapic/2018-12-14_03-04-50.341439/kpi.jtl
[2018-12-14 03:04:51,910 DEBUG Engine.locust.JTLReader] Buffer len: 0; Known errors count: 0
[2018-12-14 03:04:51,911 DEBUG Engine.consolidator] Consolidator buffer[0]: []
[2018-12-14 03:04:51,911 INFO Engine.final-stats] Test duration: 0:00:01
[2018-12-14 03:04:51,911 DEBUG Engine.console] No logger_handler or orig_stream was detected
[2018-12-14 03:04:51,912 DEBUG Engine.Configuration] Dumping YAML config into /home/vasilkin/Cloudsgiving/instapic/2018-12-14_03-04-50.341439/effective.yml
[2018-12-14 03:04:51,931 DEBUG Engine.Configuration] Dumping JSON config into /home/vasilkin/Cloudsgiving/instapic/2018-12-14_03-04-50.341439/effective.json
[2018-12-14 03:04:51,932 ERROR root] Child Process Error: Empty results, most likely locustfile.py (LocustIOExecutor) failed. Actual reason for this can be found in logs under /home/vasilkin/Cloudsgiving/instapic/2018-12-14_03-04-50.341439
[2018-12-14 03:04:51,932 ERROR root] Locust log:
[2018-12-14 03:04:51,233] instagram/ERROR/stderr: Traceback (most recent call last):
[2018-12-14 03:04:51,233] instagram/ERROR/stderr: File "/home/vasilkin/.local/lib/python2.7/site-packages/bzt/resources/locustio-taurus-wrapper.py", line 120, in <module>
[2018-12-14 03:04:51,233] instagram/ERROR/stderr: 
[2018-12-14 03:04:51,233] instagram/ERROR/stderr: locust_starter.execute()
[2018-12-14 03:04:51,233] instagram/ERROR/stderr: File "/home/vasilkin/.local/lib/python2.7/site-packages/bzt/resources/locustio-taurus-wrapper.py", line 114, in execute
[2018-12-14 03:04:51,233] instagram/ERROR/stderr: 
[2018-12-14 03:04:51,234] instagram/ERROR/stderr: main.main()
[2018-12-14 03:04:51,234] instagram/ERROR/stderr: File "/home/vasilkin/.local/lib/python2.7/site-packages/locust/main.py", line 391, in main
[2018-12-14 03:04:51,234] instagram/ERROR/stderr: 
[2018-12-14 03:04:51,234] instagram/ERROR/stderr: docstring, locusts = load_locustfile(locustfile)
[2018-12-14 03:04:51,234] instagram/ERROR/stderr: File "/home/vasilkin/.local/lib/python2.7/site-packages/locust/main.py", line 358, in load_locustfile
[2018-12-14 03:04:51,234] instagram/ERROR/stderr: 
[2018-12-14 03:04:51,234] instagram/ERROR/stderr: imported = __import__(os.path.splitext(locustfile)[0])
[2018-12-14 03:04:51,234] instagram/ERROR/stderr: File "/home/vasilkin/.local/lib/python2.7/site-packages/gevent/builtins.py", line 96, in __import__
[2018-12-14 03:04:51,234] instagram/ERROR/stderr: 
[2018-12-14 03:04:51,234] instagram/ERROR/stderr: result = _import(*args, **kwargs)
[2018-12-14 03:04:51,234] instagram/ERROR/stderr: File "
[2018-12-14 03:04:51,234] instagram/ERROR/stderr: /home/vasilkin/Cloudsgiving/instapic/locustfile.py
[2018-12-14 03:04:51,234] instagram/ERROR/stderr: ", line
[2018-12-14 03:04:51,234] instagram/ERROR/stderr: 4
[2018-12-14 03:04:51,234] instagram/ERROR/stderr: 
[2018-12-14 03:04:51,234] instagram/ERROR/stderr: 
[2018-12-14 03:04:51,234] instagram/ERROR/stderr: def on start(self):
[2018-12-14 03:04:51,234] instagram/ERROR/stderr: 
[2018-12-14 03:04:51,234] instagram/ERROR/stderr: 
[2018-12-14 03:04:51,234] instagram/ERROR/stderr: 
[2018-12-14 03:04:51,234] instagram/ERROR/stderr: 
[2018-12-14 03:04:51,234] instagram/ERROR/stderr: 
[2018-12-14 03:04:51,234] instagram/ERROR/stderr: 
[2018-12-14 03:04:51,234] instagram/ERROR/stderr: 
[2018-12-14 03:04:51,234] instagram/ERROR/stderr: 
[2018-12-14 03:04:51,234] instagram/ERROR/stderr: 
[2018-12-14 03:04:51,234] instagram/ERROR/stderr: 
[2018-12-14 03:04:51,234] instagram/ERROR/stderr: 
[2018-12-14 03:04:51,234] instagram/ERROR/stderr: 
[2018-12-14 03:04:51,234] instagram/ERROR/stderr: ^
[2018-12-14 03:04:51,234] instagram/ERROR/stderr: SyntaxError
[2018-12-14 03:04:51,235] instagram/ERROR/stderr: :
[2018-12-14 03:04:51,235] instagram/ERROR/stderr: invalid syntax
[2018-12-14 03:04:51,235] instagram/ERROR/stderr:
[2018-12-14 03:04:51,935 DEBUG root] ToolError: Empty results, most likely locustfile.py (LocustIOExecutor) failed. Actual reason for this can be found in logs under /home/vasilkin/Cloudsgiving/instapic/2018-12-14_03-04-50.341439
Traceback (most recent call last):
  File "/home/vasilkin/.local/lib/python2.7/site-packages/bzt/cli.py", line 265, in perform
    self.engine.post_process()
  File "/home/vasilkin/.local/lib/python2.7/site-packages/bzt/engine.py", line 346, in post_process
    reraise(exc_info, exc_value)
  File "/home/vasilkin/.local/lib/python2.7/site-packages/bzt/engine.py", line 332, in post_process
    module.post_process()
  File "/home/vasilkin/.local/lib/python2.7/site-packages/bzt/modules/provisioning.py", line 181, in post_process
    reraise(exc_info, exc_value)
  File "/home/vasilkin/.local/lib/python2.7/site-packages/bzt/modules/provisioning.py", line 172, in post_process
    raise ToolError(message, diagnostics)
ToolError: Empty results, most likely locustfile.py (LocustIOExecutor) failed. Actual reason for this can be found in logs under /home/vasilkin/Cloudsgiving/instapic/2018-12-14_03-04-50.341439
[2018-12-14 03:04:51,935 INFO root] Artifacts dir: /home/vasilkin/Cloudsgiving/instapic/2018-12-14_03-04-50.341439
[2018-12-14 03:04:51,935 WARNING root] Done performing with code: 1
[2018-12-14 03:04:51,935 DEBUG root] Closing log handler: /home/vasilkin/Cloudsgiving/instapic/2018-12-14_03-04-50.341439/bzt.log
