[2018-12-14 03:00:25,010 INFO root] Taurus CLI Tool v1.13.2
[2018-12-14 03:00:25,011 DEBUG root] Command-line options: {'verbose': None, 'no_system_configs': None, 'quiet': None, 'log': '/tmp/bzt_fazsA_.log', 'option': None, 'aliases': []}
[2018-12-14 03:00:25,011 DEBUG root] Python: CPython 2.7.15rc1
[2018-12-14 03:00:25,011 DEBUG root] OS: ('Linux', 'instagram', '4.15.0-1025-gcp', '#26-Ubuntu SMP Sat Nov 17 00:02:47 UTC 2018', 'x86_64', 'x86_64')
[2018-12-14 03:00:25,012 INFO root] Starting with configs: ['locust.yaml']
[2018-12-14 03:00:25,012 DEBUG root] Using personal config: /home/vasilkin/.bzt-rc
[2018-12-14 03:00:25,012 INFO Engine] Configuring...
[2018-12-14 03:00:25,029 DEBUG Engine] Base configs list: [u'/home/vasilkin/.local/lib/python2.7/site-packages/bzt/resources/10-base-config.yml']
[2018-12-14 03:00:25,029 DEBUG Engine.Configuration] Configs: [u'/home/vasilkin/.local/lib/python2.7/site-packages/bzt/resources/10-base-config.yml']
[2018-12-14 03:00:25,029 DEBUG Engine.Configuration] Reading /home/vasilkin/.local/lib/python2.7/site-packages/bzt/resources/10-base-config.yml as YAML
[2018-12-14 03:00:25,051 DEBUG Engine] User configs list: ['/home/vasilkin/.bzt-rc', 'locust.yaml']
[2018-12-14 03:00:25,051 DEBUG Engine.Configuration] Configs: ['/home/vasilkin/.bzt-rc', 'locust.yaml']
[2018-12-14 03:00:25,052 DEBUG Engine.Configuration] Reading /home/vasilkin/.bzt-rc as YAML
[2018-12-14 03:00:25,055 DEBUG Engine.Configuration] Reading locust.yaml as YAML
[2018-12-14 03:00:25,057 DEBUG Engine.Configuration] Configs: ['/home/vasilkin/.bzt-rc', 'locust.yaml']
[2018-12-14 03:00:25,057 DEBUG Engine.Configuration] Reading /home/vasilkin/.bzt-rc as YAML
[2018-12-14 03:00:25,060 DEBUG Engine.Configuration] Reading locust.yaml as YAML
[2018-12-14 03:00:25,063 INFO Engine] Artifacts dir: /home/vasilkin/Cloudsgiving/instapic/2018-12-14_03-00-25.062945
[2018-12-14 03:00:25,063 DEBUG Engine] New artifact filename: /home/vasilkin/Cloudsgiving/instapic/2018-12-14_03-00-25.062945/effective
[2018-12-14 03:00:25,064 DEBUG Engine.Configuration] Dumping YAML config into /home/vasilkin/Cloudsgiving/instapic/2018-12-14_03-00-25.062945/effective.yml
[2018-12-14 03:00:25,071 DEBUG Engine] Requesting updates info: http://gettaurus.org/updates/?version=1.13.2&installID=linux-42010aa80002
[2018-12-14 03:00:25,071 DEBUG HTTPClient] Making HTTP request GET http://gettaurus.org/updates/?version=1.13.2&installID=linux-42010aa80002
[2018-12-14 03:00:25,072 DEBUG urllib3.connectionpool] Starting new HTTP connection (1): gettaurus.org:80
[2018-12-14 03:00:25,088 DEBUG Engine.Configuration] Dumping JSON config into /home/vasilkin/Cloudsgiving/instapic/2018-12-14_03-00-25.062945/effective.json
[2018-12-14 03:00:25,089 DEBUG Engine] New artifact filename: /home/vasilkin/Cloudsgiving/instapic/2018-12-14_03-00-25.062945/merged.yml
[2018-12-14 03:00:25,089 DEBUG Engine.Configuration] Dumping YAML config into /home/vasilkin/Cloudsgiving/instapic/2018-12-14_03-00-25.062945/merged.yml
[2018-12-14 03:00:25,090 DEBUG Engine] New artifact filename: /home/vasilkin/Cloudsgiving/instapic/2018-12-14_03-00-25.062945/merged.json
[2018-12-14 03:00:25,090 DEBUG Engine.Configuration] Dumping JSON config into /home/vasilkin/Cloudsgiving/instapic/2018-12-14_03-00-25.062945/merged.json
[2018-12-14 03:00:25,091 DEBUG Engine] Add existing artifact (move=False): locust.yaml
[2018-12-14 03:00:25,091 DEBUG Engine] Copying locust.yaml to /home/vasilkin/Cloudsgiving/instapic/2018-12-14_03-00-25.062945/locust.yaml
[2018-12-14 03:00:25,091 DEBUG Engine.Environment] Replace 'TAURUS_ARTIFACTS_DIR' in environment
[2018-12-14 03:00:25,091 DEBUG root] Closing log handler: /tmp/bzt_fazsA_.log
[2018-12-14 03:00:25,092 DEBUG root] Switched writing logs to /home/vasilkin/Cloudsgiving/instapic/2018-12-14_03-00-25.062945/bzt.log
[2018-12-14 03:00:25,092 DEBUG root] Linting config
[2018-12-14 03:00:25,094 INFO Engine] Preparing...
[2018-12-14 03:00:25,095 DEBUG Engine] Module config: consolidator {'class': u'bzt.modules.aggregator.ConsolidatingAggregator'}
[2018-12-14 03:00:25,095 DEBUG root] Importing module: bzt.modules.aggregator
[2018-12-14 03:00:25,151 DEBUG root] Loading class: 'ConsolidatingAggregator' from <module 'bzt.modules.aggregator' from '/home/vasilkin/.local/lib/python2.7/site-packages/bzt/modules/aggregator.pyc'>
[2018-12-14 03:00:25,152 DEBUG Engine.consolidator] Buffer scaling setup: percentile 95.0 from [0.0, 50.0, 90.0, 95.0, 99.0, 99.9, 100.0] selected
[2018-12-14 03:00:25,152 DEBUG Engine] Module config: monitoring {'class': u'bzt.modules.monitoring.Monitoring'}
[2018-12-14 03:00:25,152 DEBUG root] Importing module: bzt.modules.monitoring
[2018-12-14 03:00:25,154 DEBUG root] Loading class: 'Monitoring' from <module 'bzt.modules.monitoring' from '/home/vasilkin/.local/lib/python2.7/site-packages/bzt/modules/monitoring.pyc'>
[2018-12-14 03:00:25,154 DEBUG Engine] Module config: local {'class': u'bzt.modules.provisioning.Local'}
[2018-12-14 03:00:25,154 DEBUG root] Importing module: bzt.modules.provisioning
[2018-12-14 03:00:25,154 DEBUG root] Loading class: 'Local' from <module 'bzt.modules.provisioning' from '/home/vasilkin/.local/lib/python2.7/site-packages/bzt/modules/provisioning.pyc'>
[2018-12-14 03:00:25,154 DEBUG Engine] Module config: locust {'class': u'bzt.modules.locustio.LocustIOExecutor'}
[2018-12-14 03:00:25,154 DEBUG root] Importing module: bzt.modules.locustio
[2018-12-14 03:00:25,162 DEBUG root] Loading class: 'LocustIOExecutor' from <module 'bzt.modules.locustio' from '/home/vasilkin/.local/lib/python2.7/site-packages/bzt/modules/locustio.pyc'>
[2018-12-14 03:00:25,162 DEBUG Engine.local] Preparing executor: locust/139950437180688
[2018-12-14 03:00:25,162 DEBUG Engine.locust.LocustIO] Checking LocustIO: locust
[2018-12-14 03:00:25,163 DEBUG bzt.utils] Executing shell: ['locust', '--version'] at .
[2018-12-14 03:00:25,502 DEBUG Engine.locust.LocustIO] Locustio check stdout/stderr: , [2018-12-14 03:00:25,465] instagram/INFO/stdout: Locust 0.9.0
[2018-12-14 03:00:25,465] instagram/INFO/stdout: 

[2018-12-14 03:00:25,502 DEBUG Engine.locust] Extract {'script': u'locustfile.py'} into scenarios
[2018-12-14 03:00:25,502 DEBUG Engine] Add existing artifact (move=False): /home/vasilkin/Cloudsgiving/instapic/locustfile.py
[2018-12-14 03:00:25,503 DEBUG Engine] Copying /home/vasilkin/Cloudsgiving/instapic/locustfile.py to /home/vasilkin/Cloudsgiving/instapic/2018-12-14_03-00-25.062945/locustfile.py
[2018-12-14 03:00:25,503 DEBUG Engine] New artifact filename: /home/vasilkin/Cloudsgiving/instapic/2018-12-14_03-00-25.062945/kpi.jtl
[2018-12-14 03:00:25,504 DEBUG Engine] Module config: final-stats {'class': u'bzt.modules.reporting.FinalStatus'}
[2018-12-14 03:00:25,504 DEBUG root] Importing module: bzt.modules.reporting
[2018-12-14 03:00:25,509 DEBUG easyprocess] version=0.2.3
[2018-12-14 03:00:25,510 DEBUG pyvirtualdisplay] version=0.2.1
[2018-12-14 03:00:25,533 DEBUG root] Loading class: 'FinalStatus' from <module 'bzt.modules.reporting' from '/home/vasilkin/.local/lib/python2.7/site-packages/bzt/modules/reporting.pyc'>
[2018-12-14 03:00:25,533 DEBUG Engine] Module config: console {'class': u'bzt.modules.console.ConsoleStatusReporter'}
[2018-12-14 03:00:25,533 DEBUG root] Importing module: bzt.modules.console
[2018-12-14 03:00:25,533 DEBUG root] Loading class: 'ConsoleStatusReporter' from <module 'bzt.modules.console' from '/home/vasilkin/.local/lib/python2.7/site-packages/bzt/modules/console.pyc'>
[2018-12-14 03:00:25,540 DEBUG Engine.Configuration] Dumping YAML config into /home/vasilkin/Cloudsgiving/instapic/2018-12-14_03-00-25.062945/effective.yml
[2018-12-14 03:00:25,559 DEBUG Engine.Configuration] Dumping JSON config into /home/vasilkin/Cloudsgiving/instapic/2018-12-14_03-00-25.062945/effective.json
[2018-12-14 03:00:25,560 INFO Engine] Starting...
[2018-12-14 03:00:25,560 DEBUG Engine] Startup <bzt.modules.monitoring.Monitoring object at 0x7f48c2adc290>
[2018-12-14 03:00:25,561 DEBUG Engine] Startup <bzt.modules.aggregator.ConsolidatingAggregator object at 0x7f48c2a86290>
[2018-12-14 03:00:25,561 DEBUG Engine] Startup <bzt.modules.reporting.FinalStatus object at 0x7f48c00cc9d0>
[2018-12-14 03:00:25,561 DEBUG Engine] Startup <bzt.modules.console.ConsoleStatusReporter object at 0x7f48c00be150>
[2018-12-14 03:00:25,561 INFO Engine.console] Waiting for results...
[2018-12-14 03:00:25,561 DEBUG Engine] Startup <bzt.modules.provisioning.Local object at 0x7f48c2adc510>
[2018-12-14 03:00:25,561 DEBUG Engine.local] Delay setup for locust/locustfile.py: 0(start-at) + 0(delay) = 0
[2018-12-14 03:00:25,563 DEBUG Engine.Configuration] Dumping YAML config into /home/vasilkin/Cloudsgiving/instapic/2018-12-14_03-00-25.062945/effective.yml
[2018-12-14 03:00:25,581 DEBUG Engine.Configuration] Dumping JSON config into /home/vasilkin/Cloudsgiving/instapic/2018-12-14_03-00-25.062945/effective.json
[2018-12-14 03:00:25,582 DEBUG root] Leveling down log file verbosity to INFO, use -v option to have DEBUG messages enabled
[2018-12-14 03:00:25,583 DEBUG root] Leveled up log file verbosity
[2018-12-14 03:00:25,583 DEBUG Engine] New artifact filename: /home/vasilkin/Cloudsgiving/instapic/2018-12-14_03-00-25.062945/locust.log
[2018-12-14 03:00:25,583 DEBUG Engine] New artifact filename: /home/vasilkin/Cloudsgiving/instapic/2018-12-14_03-00-25.062945/locust.out
[2018-12-14 03:00:25,583 DEBUG bzt.utils] Executing shell: ['/usr/bin/python', '/home/vasilkin/.local/lib/python2.7/site-packages/bzt/resources/locustio-taurus-wrapper.py', '-f', u'/home/vasilkin/Cloudsgiving/instapic/locustfile.py', '--logfile=/home/vasilkin/Cloudsgiving/instapic/2018-12-14_03-00-25.062945/locust.log', '--no-web', '--only-summary', '--clients=10', '--hatch-rate=0.333333'] at /home/vasilkin/Cloudsgiving/instapic
[2018-12-14 03:00:25,588 DEBUG root] Leveling down log file verbosity to INFO, use -v option to have DEBUG messages enabled
[2018-12-14 03:00:25,806 INFO Engine.console] Waiting for finish...
[2018-12-14 03:00:26,584 WARNING Engine.locust] Locust exited with non-zero code: 1
[2018-12-14 03:00:26,625 WARNING Engine] Please wait for graceful shutdown...
[2018-12-14 03:00:26,630 DEBUG root] Leveled up log file verbosity
[2018-12-14 03:00:26,630 INFO Engine] Shutting down...
[2018-12-14 03:00:26,634 DEBUG Engine] Current stop reason: None
[2018-12-14 03:00:26,634 DEBUG Engine.local] Shutdown locust/locustfile.py
[2018-12-14 03:00:26,634 DEBUG Engine.console] Restoring logging streams, [<logging.StreamHandler object at 0x7f48c2ad4ad0>]/{<logging.StreamHandler object at 0x7f48c2ad4ad0>: <open file '<stdout>', mode 'w' at 0x7f48c755f150>}
[2018-12-14 03:00:26,636 DEBUG Engine.Configuration] Dumping YAML config into /home/vasilkin/Cloudsgiving/instapic/2018-12-14_03-00-25.062945/effective.yml
[2018-12-14 03:00:26,655 DEBUG Engine.Configuration] Dumping JSON config into /home/vasilkin/Cloudsgiving/instapic/2018-12-14_03-00-25.062945/effective.json
[2018-12-14 03:00:26,656 INFO Engine] Post-processing...
[2018-12-14 03:00:26,656 DEBUG Engine.local] Post-process locust/locustfile.py
[2018-12-14 03:00:26,657 DEBUG Engine.local] Exception in post_process of LocustIOExecutor: Empty results, most likely locustfile.py (LocustIOExecutor) failed. Actual reason for this can be found in logs under /home/vasilkin/Cloudsgiving/instapic/2018-12-14_03-00-25.062945 Traceback (most recent call last):
  File "/home/vasilkin/.local/lib/python2.7/site-packages/bzt/modules/provisioning.py", line 172, in post_process
    raise ToolError(message, diagnostics)
ToolError: Empty results, most likely locustfile.py (LocustIOExecutor) failed. Actual reason for this can be found in logs under /home/vasilkin/Cloudsgiving/instapic/2018-12-14_03-00-25.062945

[2018-12-14 03:00:26,657 DEBUG Engine] post_process: Empty results, most likely locustfile.py (LocustIOExecutor) failed. Actual reason for this can be found in logs under /home/vasilkin/Cloudsgiving/instapic/2018-12-14_03-00-25.062945
Traceback (most recent call last):
  File "/home/vasilkin/.local/lib/python2.7/site-packages/bzt/engine.py", line 332, in post_process
    module.post_process()
  File "/home/vasilkin/.local/lib/python2.7/site-packages/bzt/modules/provisioning.py", line 181, in post_process
    reraise(exc_info, exc_value)
  File "/home/vasilkin/.local/lib/python2.7/site-packages/bzt/modules/provisioning.py", line 172, in post_process
    raise ToolError(message, diagnostics)
ToolError: Empty results, most likely locustfile.py (LocustIOExecutor) failed. Actual reason for this can be found in logs under /home/vasilkin/Cloudsgiving/instapic/2018-12-14_03-00-25.062945

[2018-12-14 03:00:26,657 DEBUG Engine.locust.JTLReader.IncrementalCSVReader.FileReader] Reading: /home/vasilkin/Cloudsgiving/instapic/2018-12-14_03-00-25.062945/kpi.jtl
[2018-12-14 03:00:26,657 DEBUG Engine.locust.JTLReader] Buffer len: 0; Known errors count: 0
[2018-12-14 03:00:26,657 DEBUG Engine.consolidator] Consolidator buffer[0]: []
[2018-12-14 03:00:26,657 INFO Engine.final-stats] Test duration: 0:00:01
[2018-12-14 03:00:26,658 DEBUG Engine.console] No logger_handler or orig_stream was detected
[2018-12-14 03:00:26,659 DEBUG Engine.Configuration] Dumping YAML config into /home/vasilkin/Cloudsgiving/instapic/2018-12-14_03-00-25.062945/effective.yml
[2018-12-14 03:00:26,678 DEBUG Engine.Configuration] Dumping JSON config into /home/vasilkin/Cloudsgiving/instapic/2018-12-14_03-00-25.062945/effective.json
[2018-12-14 03:00:26,679 ERROR root] Child Process Error: Empty results, most likely locustfile.py (LocustIOExecutor) failed. Actual reason for this can be found in logs under /home/vasilkin/Cloudsgiving/instapic/2018-12-14_03-00-25.062945
[2018-12-14 03:00:26,679 ERROR root] Locust log:
[2018-12-14 03:00:26,001] instagram/ERROR/stderr: Traceback (most recent call last):
[2018-12-14 03:00:26,001] instagram/ERROR/stderr: File "/home/vasilkin/.local/lib/python2.7/site-packages/bzt/resources/locustio-taurus-wrapper.py", line 120, in <module>
[2018-12-14 03:00:26,001] instagram/ERROR/stderr: 
[2018-12-14 03:00:26,001] instagram/ERROR/stderr: locust_starter.execute()
[2018-12-14 03:00:26,001] instagram/ERROR/stderr: File "/home/vasilkin/.local/lib/python2.7/site-packages/bzt/resources/locustio-taurus-wrapper.py", line 114, in execute
[2018-12-14 03:00:26,001] instagram/ERROR/stderr: 
[2018-12-14 03:00:26,001] instagram/ERROR/stderr: main.main()
[2018-12-14 03:00:26,001] instagram/ERROR/stderr: File "/home/vasilkin/.local/lib/python2.7/site-packages/locust/main.py", line 391, in main
[2018-12-14 03:00:26,001] instagram/ERROR/stderr: 
[2018-12-14 03:00:26,001] instagram/ERROR/stderr: docstring, locusts = load_locustfile(locustfile)
[2018-12-14 03:00:26,001] instagram/ERROR/stderr: File "/home/vasilkin/.local/lib/python2.7/site-packages/locust/main.py", line 358, in load_locustfile
[2018-12-14 03:00:26,002] instagram/ERROR/stderr: 
[2018-12-14 03:00:26,002] instagram/ERROR/stderr: imported = __import__(os.path.splitext(locustfile)[0])
[2018-12-14 03:00:26,002] instagram/ERROR/stderr: File "/home/vasilkin/.local/lib/python2.7/site-packages/gevent/builtins.py", line 96, in __import__
[2018-12-14 03:00:26,002] instagram/ERROR/stderr: 
[2018-12-14 03:00:26,002] instagram/ERROR/stderr: result = _import(*args, **kwargs)
[2018-12-14 03:00:26,002] instagram/ERROR/stderr: File "
[2018-12-14 03:00:26,002] instagram/ERROR/stderr: /home/vasilkin/Cloudsgiving/instapic/locustfile.py
[2018-12-14 03:00:26,002] instagram/ERROR/stderr: ", line
[2018-12-14 03:00:26,002] instagram/ERROR/stderr: 4
[2018-12-14 03:00:26,002] instagram/ERROR/stderr: 
[2018-12-14 03:00:26,002] instagram/ERROR/stderr: 
[2018-12-14 03:00:26,002] instagram/ERROR/stderr: def on start(self):
[2018-12-14 03:00:26,002] instagram/ERROR/stderr: 
[2018-12-14 03:00:26,002] instagram/ERROR/stderr: 
[2018-12-14 03:00:26,002] instagram/ERROR/stderr: 
[2018-12-14 03:00:26,002] instagram/ERROR/stderr: 
[2018-12-14 03:00:26,002] instagram/ERROR/stderr: 
[2018-12-14 03:00:26,002] instagram/ERROR/stderr: 
[2018-12-14 03:00:26,002] instagram/ERROR/stderr: 
[2018-12-14 03:00:26,002] instagram/ERROR/stderr: 
[2018-12-14 03:00:26,002] instagram/ERROR/stderr: 
[2018-12-14 03:00:26,002] instagram/ERROR/stderr: 
[2018-12-14 03:00:26,002] instagram/ERROR/stderr: 
[2018-12-14 03:00:26,002] instagram/ERROR/stderr: 
[2018-12-14 03:00:26,002] instagram/ERROR/stderr: ^
[2018-12-14 03:00:26,002] instagram/ERROR/stderr: SyntaxError
[2018-12-14 03:00:26,002] instagram/ERROR/stderr: :
[2018-12-14 03:00:26,002] instagram/ERROR/stderr: invalid syntax
[2018-12-14 03:00:26,002] instagram/ERROR/stderr:
[2018-12-14 03:00:26,682 DEBUG root] ToolError: Empty results, most likely locustfile.py (LocustIOExecutor) failed. Actual reason for this can be found in logs under /home/vasilkin/Cloudsgiving/instapic/2018-12-14_03-00-25.062945
Traceback (most recent call last):
  File "/home/vasilkin/.local/lib/python2.7/site-packages/bzt/cli.py", line 265, in perform
    self.engine.post_process()
  File "/home/vasilkin/.local/lib/python2.7/site-packages/bzt/engine.py", line 346, in post_process
    reraise(exc_info, exc_value)
  File "/home/vasilkin/.local/lib/python2.7/site-packages/bzt/engine.py", line 332, in post_process
    module.post_process()
  File "/home/vasilkin/.local/lib/python2.7/site-packages/bzt/modules/provisioning.py", line 181, in post_process
    reraise(exc_info, exc_value)
  File "/home/vasilkin/.local/lib/python2.7/site-packages/bzt/modules/provisioning.py", line 172, in post_process
    raise ToolError(message, diagnostics)
ToolError: Empty results, most likely locustfile.py (LocustIOExecutor) failed. Actual reason for this can be found in logs under /home/vasilkin/Cloudsgiving/instapic/2018-12-14_03-00-25.062945
[2018-12-14 03:00:26,682 INFO root] Artifacts dir: /home/vasilkin/Cloudsgiving/instapic/2018-12-14_03-00-25.062945
[2018-12-14 03:00:26,682 WARNING root] Done performing with code: 1
[2018-12-14 03:00:26,682 DEBUG root] Closing log handler: /home/vasilkin/Cloudsgiving/instapic/2018-12-14_03-00-25.062945/bzt.log
